2026-06-28 16:17:01.831 | INFO | app.core.middleware:dispatch:23 | GET /api/v1/posts -> 200 (5133.78 ms)
2026-06-28 16:17:52.983 | INFO | app.core.middleware:dispatch:23 | OPTIONS /api/v1/user/register -> 200 (0.46 ms)
2026-06-28 16:17:56.000 | INFO | app.core.middleware:dispatch:23 | POST /api/v1/user/register -> 201 (3009.67 ms)
2026-06-28 16:17:56.819 | INFO | app.core.middleware:dispatch:23 | POST /api/v1/user/token -> 200 (814.86 ms)
2026-06-28 16:17:56.829 | INFO | app.core.middleware:dispatch:23 | OPTIONS /api/v1/user/me -> 200 (0.25 ms)
2026-06-28 16:17:57.230 | INFO | app.core.middleware:dispatch:23 | GET /api/v1/user/me -> 200 (396.39 ms)
2026-06-28 16:17:59.890 | INFO | app.core.middleware:dispatch:23 | GET /api/v1/posts -> 200 (2600.08 ms)
2026-06-28 16:18:21.379 | INFO | app.core.middleware:dispatch:23 | OPTIONS /api/v1/posts -> 200 (0.40 ms)
2026-06-28 16:18:24.046 | INFO | app.core.middleware:dispatch:23 | POST /api/v1/posts -> 201 (2660.10 ms)
2026-06-28 16:18:24.050 | INFO | app.core.middleware:dispatch:23 | OPTIONS /api/v1/posts/1/picture -> 200 (0.10 ms)
2026-06-28 16:18:24.053 | INFO | app.core.middleware:dispatch:23 | PATCH /api/v1/posts/1/picture -> 404 (0.40 ms)
2026-06-28 16:18:24.978 | INFO | app.core.middleware:dispatch:23 | GET /api/v1/posts/1 -> 200 (892.56 ms)
2026-06-28 16:18:24.991 | INFO | app.core.middleware:dispatch:23 | GET /static/posts/default.jpg -> 404 (0.42 ms)
2026-06-28 16:19:25.062 | INFO | app.core.middleware:dispatch:23 | OPTIONS /api/v1/posts/1 -> 200 (0.30 ms)
2026-06-28 16:19:26.726 | INFO | app.core.middleware:dispatch:23 | DELETE /api/v1/posts/1 -> 204 (1659.51 ms)
2026-06-28 16:19:27.647 | INFO | app.core.middleware:dispatch:23 | GET /api/v1/posts -> 200 (896.85 ms)
2026-06-28 16:29:52.636 | INFO | app.core.middleware:dispatch:23 | OPTIONS /api/v1/posts -> 200 (0.59 ms)
2026-06-28 16:30:33.778 | INFO | app.services.post_service:create_post:120 | Post created with the title This is to check if it is working fine , by user with id 1 with image None
2026-06-28 16:30:37.568 | INFO | app.core.middleware:dispatch:23 | POST /api/v1/posts -> 201 (8783.58 ms)
2026-06-28 16:30:37.584 | INFO | app.core.middleware:dispatch:23 | OPTIONS /api/v1/posts/2/picture -> 200 (0.62 ms)
2026-06-28 16:30:37.595 | INFO | app.core.middleware:dispatch:23 | PATCH /api/v1/posts/2/picture -> 404 (1.41 ms)
2026-06-28 16:30:38.487 | INFO | app.core.middleware:dispatch:23 | GET /api/v1/posts/2 -> 200 (829.94 ms)
2026-06-28 16:30:38.496 | INFO | app.core.middleware:dispatch:23 | GET /static/posts/default.jpg -> 404 (0.41 ms)
2026-06-28 16:35:44.024 | INFO | app.core.middleware:dispatch:23 | OPTIONS /api/v1/posts/2 -> 200 (0.36 ms)
2026-06-28 16:35:55.116 | INFO | app.core.middleware:dispatch:23 | DELETE /api/v1/posts/2 -> 204 (11088.84 ms)
2026-06-28 16:35:56.452 | INFO | app.core.middleware:dispatch:23 | GET /api/v1/posts -> 200 (1285.43 ms)
2026-06-28 16:36:16.011 | INFO | app.core.middleware:dispatch:23 | POST /api/v1/posts -> 422 (658.10 ms)
2026-06-28 16:38:51.768 | INFO | app.core.middleware:dispatch:23 | POST /api/v1/posts -> 422 (865.17 ms)
2026-06-28 16:43:34.384 | INFO | app.core.middleware:dispatch:23 | OPTIONS /api/v1/posts -> 200 (0.56 ms)
2026-06-28 16:43:38.704 | INFO | app.core.middleware:dispatch:23 | POST /api/v1/posts -> 422 (4311.56 ms)
2026-06-28 16:50:53.983 | INFO | app.core.middleware:dispatch:23 | OPTIONS /api/v1/user/me -> 200 (0.16 ms)
2026-06-28 16:50:53.987 | INFO | app.core.middleware:dispatch:23 | GET /api/v1/user/me -> 401 (0.74 ms)
2026-06-28 16:56:28.788 | INFO | app.core.middleware:dispatch:23 | POST /api/v1/user/token -> 200 (5461.48 ms)
2026-06-28 16:56:30.331 | INFO | app.core.middleware:dispatch:23 | GET /api/v1/user/me -> 200 (1531.21 ms)
2026-06-28 16:56:33.498 | INFO | app.core.middleware:dispatch:23 | GET /api/v1/posts -> 200 (3107.40 ms)
2026-06-28 16:56:53.808 | INFO | app.core.middleware:dispatch:23 | OPTIONS /api/v1/posts -> 200 (0.40 ms)
2026-06-28 16:56:55.093 | INFO | app.core.middleware:dispatch:23 | POST /api/v1/posts -> 422 (1278.70 ms)
2026-06-28 16:58:00.643 | INFO | app.core.middleware:dispatch:23 | POST /api/v1/posts -> 422 (1647.10 ms)
2026-06-28 16:59:01.882 | INFO | app.core.middleware:dispatch:23 | GET /api/v1/user/me -> 200 (1039.73 ms)
2026-06-28 17:03:28.898 | INFO | app.core.middleware:dispatch:23 | GET /static/profile_pics/default.jpg -> 404 (0.51 ms)
2026-06-28 17:03:32.638 | INFO | app.core.middleware:dispatch:23 | GET /api/v1/user/1/posts -> 200 (3757.77 ms)
2026-06-28 17:03:35.192 | INFO | app.core.middleware:dispatch:23 | OPTIONS /api/v1/user/1/picture -> 200 (0.14 ms)
2026-06-28 17:03:42.880 | INFO | app.core.middleware:dispatch:23 | PATCH /api/v1/user/1/picture -> 200 (7683.52 ms)
2026-06-28 17:03:42.900 | INFO | app.core.middleware:dispatch:23 | OPTIONS /api/v1/user/me -> 200 (0.55 ms)
2026-06-28 17:03:44.006 | INFO | app.core.middleware:dispatch:23 | GET /api/v1/user/me -> 200 (1094.09 ms)
2026-06-28 17:27:54.598 | INFO | app.core.middleware:dispatch:23 | GET /api/v1/user/1/posts -> 200 (6209.44 ms)
2026-06-28 17:27:58.183 | INFO | app.core.middleware:dispatch:23 | OPTIONS /api/v1/user/1/picture -> 200 (0.14 ms)
2026-06-28 17:27:58.199 | INFO | app.core.middleware:dispatch:23 | PATCH /api/v1/user/1/picture -> 401 (2.52 ms)
2026-06-28 17:28:07.218 | INFO | app.core.middleware:dispatch:23 | OPTIONS /api/v1/user/me -> 200 (0.14 ms)
2026-06-28 17:28:07.222 | INFO | app.core.middleware:dispatch:23 | GET /api/v1/user/me -> 401 (0.62 ms)
2026-06-28 17:28:23.998 | INFO | app.core.middleware:dispatch:23 | POST /api/v1/user/token -> 200 (1890.20 ms)
2026-06-28 17:28:25.339 | INFO | app.core.middleware:dispatch:23 | GET /api/v1/user/me -> 200 (1327.95 ms)
2026-06-28 17:28:27.991 | INFO | app.core.middleware:dispatch:23 | GET /api/v1/posts -> 200 (2575.25 ms)
2026-06-28 17:28:31.985 | INFO | app.core.middleware:dispatch:23 | GET /api/v1/user/1/posts -> 200 (1716.27 ms)
2026-06-28 17:28:42.875 | INFO | app.core.middleware:dispatch:23 | PATCH /api/v1/user/1/picture -> 200 (6200.65 ms)
2026-06-28 17:28:44.170 | INFO | app.core.middleware:dispatch:23 | GET /api/v1/user/me -> 200 (1284.50 ms)
2026-06-28 17:28:57.175 | INFO | app.core.middleware:dispatch:23 | GET /api/v1/posts -> 200 (1521.37 ms)
2026-06-28 17:34:20.042 | INFO | app.core.middleware:dispatch:23 | GET /api/v1/user/me -> 200 (2555.77 ms)
2026-06-28 17:34:20.627 | INFO | app.core.middleware:dispatch:23 | GET /api/v1/posts -> 200 (3140.87 ms)
2026-06-28 17:34:30.993 | INFO | app.core.middleware:dispatch:23 | GET /api/v1/user/me -> 200 (1231.96 ms)
2026-06-28 17:34:31.792 | INFO | app.core.middleware:dispatch:23 | GET /api/v1/posts -> 200 (2031.08 ms)
2026-06-28 17:42:41.545 | INFO | app.core.middleware:dispatch:23 | OPTIONS /api/v1/user/me -> 200 (0.22 ms)
2026-06-28 17:42:46.946 | INFO | app.core.middleware:dispatch:23 | GET /api/v1/user/me -> 200 (5397.89 ms)
2026-06-28 17:42:47.740 | INFO | app.core.middleware:dispatch:23 | GET /api/v1/posts -> 200 (6175.66 ms)
2026-06-28 17:42:51.015 | INFO | app.core.middleware:dispatch:23 | GET /api/v1/user/me -> 200 (1394.82 ms)
2026-06-28 17:42:51.529 | INFO | app.core.middleware:dispatch:23 | GET /api/v1/posts -> 200 (1900.66 ms)
2026-06-28 17:43:43.548 | INFO | app.core.middleware:dispatch:23 | GET /api/v1/user/1/posts -> 200 (2482.60 ms)
2026-06-28 17:44:26.299 | INFO | app.core.middleware:dispatch:23 | OPTIONS /api/v1/user/1/picture -> 200 (0.10 ms)
2026-06-28 17:44:33.203 | INFO | app.core.middleware:dispatch:23 | PATCH /api/v1/user/1/picture -> 200 (6901.82 ms)
2026-06-28 17:44:34.443 | INFO | app.core.middleware:dispatch:23 | GET /api/v1/user/me -> 200 (1227.80 ms)
2026-06-28 17:48:36.414 | INFO | app.core.middleware:dispatch:23 | GET /api/v1/posts -> 200 (7193.54 ms)
2026-06-28 17:48:44.645 | INFO | app.core.middleware:dispatch:23 | OPTIONS /api/v1/posts -> 200 (0.41 ms)
2026-06-28 17:48:46.347 | INFO | app.core.middleware:dispatch:23 | POST /api/v1/posts -> 422 (1695.12 ms)
2026-06-28 17:49:55.468 | INFO | app.core.middleware:dispatch:23 | POST /api/v1/posts -> 422 (4401.14 ms)
2026-06-28 17:52:31.118 | INFO | app.api.v1.posts:create_post:68 | Content-Type: application/json
2026-06-28 17:53:11.261 | INFO | app.api.v1.posts:create_post:68 | Content-Type: application/json
2026-06-28 17:53:11.263 | INFO | app.api.v1.posts:create_post:73 | Received post: title='This is working fine', content_length=8
2026-06-28 17:53:11.264 | INFO | app.services.post_service:create_post:90 | Post created with the title This is working fine, by user with id 1 
2026-06-28 17:53:16.380 | INFO | app.core.middleware:dispatch:23 | POST /api/v1/posts -> 201 (9546.76 ms)
2026-06-28 17:53:16.406 | INFO | app.core.middleware:dispatch:23 | OPTIONS /api/v1/posts/3/picture -> 200 (0.52 ms)
2026-06-28 17:53:23.238 | INFO | app.core.middleware:dispatch:23 | PATCH /api/v1/posts/3/picture -> 200 (6826.15 ms)
2026-06-28 17:53:24.774 | INFO | app.core.middleware:dispatch:23 | GET /api/v1/posts/3 -> 200 (1468.74 ms)
2026-06-28 17:53:35.101 | INFO | app.core.middleware:dispatch:23 | GET /api/v1/posts -> 200 (2095.57 ms)
2026-06-28 17:53:35.427 | INFO | app.core.middleware:dispatch:23 | OPTIONS /api/v1/user/me -> 200 (0.17 ms)
2026-06-28 17:53:36.460 | INFO | app.core.middleware:dispatch:23 | GET /api/v1/user/me -> 200 (1029.82 ms)
2026-06-28 17:53:37.061 | INFO | app.core.middleware:dispatch:23 | GET /api/v1/posts -> 200 (1620.83 ms)
2026-06-28 17:55:16.085 | INFO | app.core.middleware:dispatch:23 | GET /api/v1/posts/3 -> 200 (1583.90 ms)
2026-06-28 17:55:25.196 | INFO | app.core.middleware:dispatch:23 | GET /api/v1/posts -> 200 (1771.17 ms)
2026-06-28 18:23:08.473 | INFO | app.core.middleware:dispatch:23 | GET /api/v1/posts/3 -> 200 (3669.11 ms)
2026-06-28 18:23:14.794 | INFO | app.core.middleware:dispatch:23 | GET /api/v1/posts -> 200 (2815.50 ms)
2026-06-28 18:27:28.159 | INFO | app.core.middleware:dispatch:23 | OPTIONS /api/v1/user/me -> 200 (0.10 ms)
2026-06-28 18:27:28.162 | INFO | app.core.middleware:dispatch:23 | GET /api/v1/user/me -> 401 (0.55 ms)
2026-06-28 18:27:32.237 | INFO | app.core.middleware:dispatch:23 | GET /api/v1/posts -> 200 (4004.74 ms)
2026-06-28 18:27:33.483 | INFO | app.core.middleware:dispatch:23 | GET /api/v1/posts -> 200 (5303.37 ms)
2026-06-28 18:28:22.633 | INFO | app.core.middleware:dispatch:23 | GET /api/v1/posts -> 200 (7155.44 ms)
2026-06-28 18:28:36.081 | INFO | app.core.middleware:dispatch:23 | GET /api/v1/posts -> 200 (13062.34 ms)
2026-06-28 18:28:47.216 | INFO | app.core.middleware:dispatch:23 | GET /api/v1/posts -> 200 (8968.60 ms)
2026-06-28 18:29:08.114 | INFO | app.core.middleware:dispatch:23 | GET /api/v1/posts -> 200 (7083.16 ms)
2026-06-28 18:36:44.691 | INFO | app.core.middleware:dispatch:23 | GET /api/v1/posts -> 200 (5479.88 ms)
2026-06-28 18:36:56.012 | INFO | app.core.middleware:dispatch:23 | GET /api/v1/posts -> 200 (11025.80 ms)
2026-06-28 18:37:16.027 | INFO | app.core.middleware:dispatch:23 | GET /api/v1/posts -> 200 (5077.96 ms)
2026-06-28 18:37:19.293 | INFO | app.core.middleware:dispatch:23 | GET /api/v1/posts/3 -> 200 (5506.29 ms)
2026-06-28 18:37:39.021 | INFO | app.core.middleware:dispatch:23 | GET /api/v1/posts -> 200 (9355.09 ms)
2026-06-28 18:37:57.267 | INFO | app.core.middleware:dispatch:23 | GET /api/v1/posts -> 200 (8459.62 ms)
2026-06-28 18:38:07.594 | INFO | app.core.middleware:dispatch:23 | GET /api/v1/posts -> 200 (4293.65 ms)
2026-06-28 18:38:29.481 | INFO | app.core.middleware:dispatch:23 | GET /api/v1/posts/3 -> 200 (6868.15 ms)
2026-06-28 18:38:45.178 | INFO | app.core.middleware:dispatch:23 | POST /api/v1/user/token -> 200 (1454.25 ms)
2026-06-28 18:38:45.192 | INFO | app.core.middleware:dispatch:23 | OPTIONS /api/v1/user/me -> 200 (0.52 ms)
2026-06-28 18:38:47.659 | INFO | app.core.middleware:dispatch:23 | GET /api/v1/user/me -> 200 (2458.25 ms)
2026-06-28 18:38:51.759 | INFO | app.core.middleware:dispatch:23 | GET /api/v1/posts -> 200 (4031.61 ms)
2026-06-28 18:38:53.766 | INFO | app.core.middleware:dispatch:23 | OPTIONS /api/v1/posts/3 -> 200 (0.38 ms)
2026-06-28 18:38:55.499 | INFO | app.core.middleware:dispatch:23 | GET /api/v1/posts/3 -> 200 (5204.28 ms)
2026-06-28 18:39:09.262 | INFO | app.core.middleware:dispatch:23 | DELETE /api/v1/posts/3 -> 204 (13759.74 ms)
2026-06-28 18:39:10.686 | INFO | app.core.middleware:dispatch:23 | GET /api/v1/posts -> 200 (1368.79 ms)
2026-06-28 18:50:11.244 | INFO | app.core.middleware:dispatch:23 | GET /api/v1/user/1/posts -> 200 (7615.12 ms)
2026-06-28 18:50:23.605 | INFO | app.core.middleware:dispatch:23 | OPTIONS /api/v1/user/me/change-password -> 200 (0.35 ms)
2026-06-28 18:50:32.266 | INFO | app.core.middleware:dispatch:23 | PATCH /api/v1/user/me/change-password -> 200 (8651.90 ms)
2026-06-28 18:51:35.439 | INFO | app.core.middleware:dispatch:23 | OPTIONS /api/v1/user/forgot-password -> 200 (0.38 ms)
2026-06-28 18:51:37.848 | INFO | app.core.middleware:dispatch:23 | POST /api/v1/user/forgot-password -> 202 (2387.31 ms)
2026-06-28 18:52:57.021 | INFO | app.core.middleware:dispatch:23 | POST /api/v1/user/forgot-password -> 202 (4879.29 ms)
2026-06-28 19:01:17.177 | INFO | app.core.middleware:dispatch:23 | POST /api/v1/user/forgot-password -> 202 (5584.89 ms)
2026-06-28 19:03:18.095 | INFO | app.core.middleware:dispatch:23 | OPTIONS /api/v1/user/forgot-password -> 200 (0.72 ms)
2026-06-28 19:03:34.506 | INFO | app.core.middleware:dispatch:23 | POST /api/v1/user/forgot-password -> 202 (16404.28 ms)
2026-06-28 19:06:36.282 | INFO | app.core.middleware:dispatch:23 | POST /api/v1/user/forgot-password -> 202 (16484.92 ms)
2026-06-28 19:08:55.856 | INFO | app.core.middleware:dispatch:23 | GET /api/v1/posts -> 200 (3618.07 ms)
2026-06-28 19:08:59.890 | INFO | app.core.middleware:dispatch:23 | GET /docs -> 200 (0.23 ms)
2026-06-28 19:09:00.049 | INFO | app.core.middleware:dispatch:23 | GET /openapi.json -> 200 (39.23 ms)
2026-06-28 19:09:32.655 | INFO | app.core.middleware:dispatch:23 | POST /api/v1/user/reset-password -> 200 (12201.29 ms)
2026-06-28 19:15:40.011 | INFO | app.core.middleware:dispatch:23 | GET /api/v1/posts -> 200 (11642.32 ms)
2026-06-28 19:39:33.888 | INFO | app.core.middleware:dispatch:23 | POST /api/v1/user/token -> 200 (9042.59 ms)
2026-06-28 19:39:33.903 | INFO | app.core.middleware:dispatch:23 | OPTIONS /api/v1/user/me -> 200 (0.48 ms)
2026-06-28 19:39:38.390 | INFO | app.core.middleware:dispatch:23 | GET /api/v1/user/me -> 200 (4480.05 ms)
2026-06-28 19:39:44.887 | INFO | app.core.middleware:dispatch:23 | GET /api/v1/posts -> 200 (6460.00 ms)
2026-06-28 19:40:09.456 | INFO | app.core.middleware:dispatch:23 | GET /api/v1/user/me -> 200 (972.96 ms)
2026-06-28 19:40:12.274 | INFO | app.core.middleware:dispatch:23 | GET /api/v1/user/1/posts -> 200 (2362.70 ms)
2026-06-28 19:40:14.248 | INFO | app.core.middleware:dispatch:23 | GET /api/v1/posts -> 200 (2006.85 ms)
2026-06-28 19:40:57.072 | INFO | app.core.middleware:dispatch:23 | GET /api/v1/user/me -> 200 (3581.61 ms)
2026-06-28 19:40:59.369 | INFO | app.core.middleware:dispatch:23 | GET /api/v1/posts -> 200 (5866.62 ms)
2026-06-28 19:41:30.693 | INFO | app.core.middleware:dispatch:23 | OPTIONS /api/v1/posts -> 200 (0.59 ms)
2026-06-28 19:41:33.035 | INFO | app.api.v1.posts:create_post:68 | Content-Type: application/json
2026-06-28 19:41:33.036 | INFO | app.api.v1.posts:create_post:73 | Received post: title='First Story', content_length=11
2026-06-28 19:41:33.037 | INFO | app.services.post_service:create_post:90 | Post created with the title First Story, by user with id 1 
2026-06-28 19:41:44.136 | INFO | app.core.middleware:dispatch:23 | POST /api/v1/posts -> 201 (13434.38 ms)
2026-06-28 19:41:44.152 | INFO | app.core.middleware:dispatch:23 | OPTIONS /api/v1/posts/4/picture -> 200 (0.41 ms)
2026-06-28 19:42:04.651 | INFO | app.core.middleware:dispatch:23 | PATCH /api/v1/posts/4/picture -> 200 (20490.59 ms)
2026-06-28 19:42:09.679 | INFO | app.core.middleware:dispatch:23 | GET /api/v1/posts/4 -> 200 (4918.27 ms)
2026-06-28 19:42:31.573 | INFO | app.core.middleware:dispatch:23 | GET /api/v1/posts -> 200 (4835.91 ms)
2026-06-28 19:42:35.165 | INFO | app.core.middleware:dispatch:23 | GET /api/v1/user/me -> 200 (5528.91 ms)
2026-06-28 19:42:41.514 | INFO | app.core.middleware:dispatch:23 | GET /api/v1/posts -> 200 (11867.28 ms)
2026-06-28 19:42:51.087 | INFO | app.core.middleware:dispatch:23 | GET /api/v1/posts/4 -> 200 (2969.92 ms)
2026-06-28 19:42:58.999 | INFO | app.core.middleware:dispatch:23 | GET /api/v1/posts -> 200 (6428.00 ms)
2026-06-28 19:43:15.763 | INFO | app.core.middleware:dispatch:23 | GET /api/v1/posts -> 200 (10323.07 ms)
2026-06-28 19:43:55.039 | INFO | app.core.middleware:dispatch:23 | GET /api/v1/user/me -> 200 (4013.98 ms)
2026-06-28 19:43:58.622 | INFO | app.core.middleware:dispatch:23 | GET /api/v1/posts -> 200 (7584.58 ms)
2026-06-28 19:44:03.153 | INFO | app.core.middleware:dispatch:23 | GET /api/v1/user/me -> 200 (4336.80 ms)
2026-06-28 19:44:05.098 | INFO | app.core.middleware:dispatch:23 | GET /api/v1/posts -> 200 (6272.26 ms)
2026-06-28 19:44:21.962 | INFO | app.core.middleware:dispatch:23 | GET /api/v1/posts -> 200 (6862.53 ms)
2026-06-28 20:47:24.745 | INFO | app.core.middleware:dispatch:23 | GET /api/v1/posts -> 200 (6688.91 ms)
2026-06-29 08:17:30.265 | INFO | app.core.middleware:dispatch:23 | GET /api/v1/posts -> 200 (5921.40 ms)
2026-06-29 08:17:51.361 | INFO | app.core.middleware:dispatch:23 | POST /api/v1/user/token -> 200 (1827.45 ms)
2026-06-29 08:17:51.368 | INFO | app.core.middleware:dispatch:23 | OPTIONS /api/v1/user/me -> 200 (0.17 ms)
2026-06-29 08:17:52.695 | INFO | app.core.middleware:dispatch:23 | GET /api/v1/user/me -> 200 (1323.77 ms)
2026-06-29 08:17:55.761 | INFO | app.core.middleware:dispatch:23 | GET /api/v1/posts -> 200 (2951.69 ms)
2026-06-29 08:18:01.599 | INFO | app.core.middleware:dispatch:23 | GET /api/v1/posts/4 -> 200 (1634.38 ms)
2026-06-29 08:18:03.955 | INFO | app.core.middleware:dispatch:23 | GET /api/v1/user/me -> 200 (1479.03 ms)
2026-06-29 08:18:03.955 | INFO | app.core.middleware:dispatch:23 | GET /api/v1/posts/4 -> 200 (1438.07 ms)
2026-06-29 08:18:15.891 | INFO | app.core.middleware:dispatch:23 | OPTIONS /api/v1/posts/4 -> 200 (0.21 ms)
2026-06-29 08:18:20.225 | INFO | app.core.middleware:dispatch:23 | DELETE /api/v1/posts/4 -> 204 (4330.70 ms)
2026-06-29 08:18:22.062 | INFO | app.core.middleware:dispatch:23 | GET /api/v1/posts -> 200 (1487.58 ms)
